<?xml version="1.0" encoding="UTF-8"?>
<robot generator="Robot 5.0 (Python 3.10.4 on linux)" generated="20220518 01:53:36.997" rpa="false" schemaversion="3">
<suite id="s1" name="Tests" source="/opt/robotframework/tests">
<suite id="s1-s1" name="apiPackage" source="/opt/robotframework/tests/apiPackage">
<suite id="s1-s1-s1" name="apiTests" source="/opt/robotframework/tests/apiPackage/apiTests">
<suite id="s1-s1-s1-s1" name="testSuites" source="/opt/robotframework/tests/apiPackage/apiTests/testSuites">
<suite id="s1-s1-s1-s1-s1" name="Tests" source="/opt/robotframework/tests/apiPackage/apiTests/testSuites/tests">
<suite id="s1-s1-s1-s1-s1-s1" name="getRequest" source="/opt/robotframework/tests/apiPackage/apiTests/testSuites/tests/getRequest.robot">
<test id="s1-s1-s1-s1-s1-s1-t1" name="Get Request TestWebsite" line="8">
<kw name="Create Session" library="RequestsLibrary">
<arg>getwebsite</arg>
<arg>https://www.jdriven.com</arg>
<arg>verify=false</arg>
<doc>Create Session: create a HTTP session to a server</doc>
<msg timestamp="20220518 01:53:37.447" level="INFO">Creating Session using : alias=getwebsite, url=https://www.jdriven.com, headers={},                     cookies={}, auth=None, timeout=None, proxies=None, verify=False,                     debug=0 </msg>
<status status="PASS" starttime="20220518 01:53:37.446" endtime="20220518 01:53:37.448"/>
</kw>
<kw name="GET On Session" library="RequestsLibrary">
<var>${resp}</var>
<arg>getwebsite</arg>
<arg>/</arg>
<arg>expected_status=200</arg>
<doc>Sends a GET request on a previously created HTTP Session.</doc>
<msg timestamp="20220518 01:53:41.839" level="INFO">GET Request : url=https://www.jdriven.com/ (redirected) 
 path_url=/ 
 headers={'User-Agent': 'python-requests/2.27.1', 'Accept-Encoding': 'gzip, deflate', 'Accept': '*/*', 'Connection': 'keep-alive'} 
 body=None 
 </msg>
<msg timestamp="20220518 01:53:41.842" level="INFO">GET Response : url=https://jdriven.com/ 
 status=200, reason=OK 
 headers={'Server': 'nginx', 'Date': 'Wed, 18 May 2022 01:53:41 GMT', 'Content-Type': 'text/html; charset=UTF-8', 'Transfer-Encoding': 'chunked', 'Connection': 'keep-alive', 'Vary': 'Accept-Encoding, Accept-Encoding,User-Agent', 'Expires': 'Thu, 19 Nov 1981 08:52:00 GMT', 'Cache-Control': 'no-store, no-cache, must-revalidate, max-age=1, private, must-revalidate', 'Pragma': 'no-cache', 'Set-Cookie': 'PHPSESSID=889d3fec88fc90822f18024f632e9c10; path=/; secure; HttpOnly', 'X-Xss-Protection': '1; mode=block', 'X-Frame-Options': 'SAMEORIGIN', 'X-Content-Type-Options': 'nosniff', 'Referrer-Policy': 'same-origin', 'X-Httpd': '1', 'Access-Control-Allow-Origin': '*', 'Strict-Transport-Security': 'max-age=31536000', 'Host-Header': '6b7412fb82ca5edfd0917e3957f05d89', 'X-Proxy-Cache': 'MISS', 'X-Proxy-Cache-Info': '0 NC:000000 UP:SKIP_CACHE_PRIVATE', 'Content-Encoding': 'gzip'} 
 body=&lt;!DOCTYPE html&gt;&lt;html lang="nl-NL"&gt;&lt;head&gt;&lt;title&gt;JDriven | Digital enterprise realisatie&lt;/title&gt;&lt;meta name="description" content="JDriven realiseert innovatieve Java- en open source oplossingen die voldoen aan de hoogste kwaliteitsstandaarden met een team van echte specialisten."&gt;&lt;meta name='keywords' content='JDriven, specialisten, Java, open source, architectuur, software ontwikkeling, consultancy, training, coaching, software design, '/&gt; &lt;meta name="viewport" content="width=device-width, initial-scale=1"&gt;&lt;meta name="google" content="notranslate" /&gt;&lt;meta name="author" content="JDriven" /&gt;&lt;meta name="robots" content="all" /&gt;&lt;meta property="og:locale" content="nl_NL"/&gt;&lt;meta property="og:type" content="article"/&gt;&lt;meta property="og:title" content="JDriven | Digital enterprise realisatie"/&gt;&lt;meta property="og:description" content="JDriven realiseert innovatieve Java- en open source oplossingen die voldoen aan de hoogste kwaliteitsstandaarden met een team van echte specialisten."/&gt;&lt;meta property="og:url" content="https://jdriven.com/home/"/&gt;&lt;meta property="og:site_name" content="JDriven"/&gt;&lt;meta property="og:image" content="https://jdriven.com/share-image.jpg"/&gt;&lt;meta name="twitter:card" content="summary_large_image" /&gt;&lt;meta name="twitter:title" content="JDriven | Digital enterprise realisatie" /&gt;&lt;meta name="twitter:description" content="JDriven realiseert innovatieve Java- en open source oplossingen die voldoen aan de hoogste kwaliteitsstandaarden met een team van echte specialisten." /&gt;&lt;meta name="twitter:creator" content="JDriven" /&gt;&lt;meta name="twitter:image:src" content="https://jdriven.com/share-image.jpg" /&gt;&lt;meta name="twitter:image:alt" content="JDriven | Digital enterprise realisatie" /&gt;&lt;meta name="twitter:domain" content="https://jdriven.com/" /&gt;&lt;meta name="dcterms.Title" content="JDriven | Digital enterprise realisatie"&gt;&lt;meta name="dc.title" content="JDriven | Digital enterprise realisatie" /&gt;&lt;meta name="DC.type" content="JDriven | Digital enterprise realisatie"&gt;&lt;meta name="dcterms.Creator" content="JDriven"&gt;&lt;meta name="dcterms.Subject" content="JDriven"&gt;&lt;meta name="dcterms.Description" content="JDriven realiseert innovatieve Java- en open source oplossingen die voldoen aan de hoogste kwaliteitsstandaarden met een team van echte specialisten."&gt;&lt;meta name="dcterms.Publisher" content="JDriven"&gt;&lt;meta name="dcterms.Contributor" content="JDriven"&gt;&lt;meta name="dcterms.Date" content="2022"&gt;&lt;meta name="dcterms.Type" content="Website"&gt;&lt;meta name="dcterms.Identifier" content="JDriven realiseert innovatieve Java- en open source oplossingen die voldoen aan de hoogste kwaliteitsstandaarden met een team van echte specialisten."&gt;&lt;meta name="dcterms.Source" content="https://jdriven.com/home/"&gt;&lt;meta name="dcterms.Language" content="nl_NL"&gt;&lt;meta name="web_author" content="Doordacht"&gt;&lt;meta name="contact" content="info@jdriven.com"&gt;&lt;meta name="DC.creator" content="Doordacht"&gt;&lt;meta name="DC.publisher" content="JDriven"&gt;&lt;meta name="DC.language" content="nl"&gt;&lt;meta name="msapplication-TileColor" content="#2dcd4d"/&gt;&lt;meta name="msapplication-square70x70logo" content="/favi-mobile.png" /&gt;&lt;link rel="shortcut icon" type="image/png" href="/favicon.png"&gt;&lt;link rel="apple-touch-icon" href="/favi-mobile.png"/&gt;&lt;link rel="canonical" href="https://jdriven.com/home/" hreflang="nl"/&gt;&lt;link rel="preconnect" href="//snap.licdn.com/" crossorigin&gt;&lt;link rel="preconnect" href="//www.googletagmanager.com/" crossorigin&gt;&lt;link rel="preconnect" href="//www.googletagmanager.com/" crossorigin&gt;&lt;script type="text/plain" data-cookie="accept"&gt; _linkedin_partner_id = "3187204"; window._linkedin_data_partner_ids = window._linkedin_data_partner_ids || []; window._linkedin_data_partner_ids.push(_linkedin_partner_id); &lt;/script&gt;&lt;script type="text/plain" data-cookie="accept"&gt;(function(){var s = document.getElementsByTagName("script")[0]; var b = document.createElement("script"); b.type = "text/javascript";b.async = true; b.src = "https://snap.licdn.com/li.lms-analytics/insight.min.js"; s.parentNode.insertBefore(b, s);})();&lt;/script&gt;&lt;script type="text/plain" data-cookie="accept" async src="https://www.googletagmanager.com/gtag/js?id=UA-20911317-1"&gt;&lt;/script&gt;&lt;script type="text/plain" data-cookie="accept"&gt;window.dataLayer = window.dataLayer || []; function gtag(){dataLayer.push(arguments);} gtag('js', new Date()); gtag('config', 'UA-20911317-1', { 'anonymize_ip': true });&lt;/script&gt;&lt;script type="text/plain" data-cookie="accept"&gt;(function(w,d,s,l,i){w[l]=w[l]||[];w[l].push({'gtm.start': new Date().getTime(),event:'gtm.js'});var f=d.getElementsByTagName(s)[0],j=d.createElement(s),dl=l!='dataLayer'?'&amp;l='+l:'';j.async=true;j.src='https://www.googletagmanager.com/gtm.js?id='+i+dl;f.parentNode.insertBefore(j,f);})(window,document,'script','dataLayer','GTM-NJ3LRZF');&lt;/script&gt;&lt;link rel="stylesheet" href="https://jdriven.com/css/style.css?page=1&amp;tags=false"&gt;&lt;style media="print"&gt;#container,#content,body{width:100%;margin:0;float:none;background:url(none) #fff}#footer,.header-image-wrap,.header-wrapper,.no-print,.proj-share{display:none!important}*{background:#fff!important;color:#000!important;box-shadow:none!important;text-shadow:none!important}a,a:visited{text-decoration:underline}a[href]:after{content:" (" attr(href) ")"}img,tr{page-break-inside:avoid}img{max-width:50%!important;width:200px}@page{margin:.5cm}h2,h3,p{orphans:3;widows:3}h2,h3{page-break-after:avoid}h1,h2,h3,h4,h5,h6{font-family:Helvetica,Arial,sans-serif;color:#000}h1{font-size:250%}h2{font-size:175%}h3{font-size:135%}h4,h5{font-size:100%}h4{font-variant:small-caps}h6{font-size:90%;font-style:italic}&lt;/style&gt;&lt;base href="https://jdriven.com/"&gt;&lt;/head&gt;&lt;body class="page" data-id="new"&gt;&lt;noscript&gt;&lt;img height="1" width="1" style="display:none;" alt="" src="https://px.ads.linkedin.com/collect/?pid=3187204&amp;fmt=gif" /&gt;&lt;iframe src="https://www.googletagmanager.com/ns.html?id=GTM-NJ3LRZF" height="0" width="0" style="display:none;visibility:hidden"&gt;&lt;/iframe&gt;&lt;/noscript&gt;&lt;div class="cookie-wrap style-popup-small"&gt;&lt;div class="cookie-wrap-inner"&gt;&lt;div class="cookie-message"&gt;&lt;h5&gt;Wij gebruiken cookies&lt;/h5&gt;&lt;p&gt;Wij gebruiken cookies om het gebruik van de website te analyseren en het gebruiksgemak te verbeteren. Lees meer over onze &lt;a href="https://jdriven.com/cookies/" title="Meer over cookies gebruik"&gt;cookies&lt;/a&gt;.&lt;/p&gt;&lt;/div&gt;&lt;div class="cookie-buttons"&gt;&lt;div class="btn-default filled" data-type="accept"&gt;Accepteren&lt;/div&gt;&lt;div class="btn-default" data-type="decline"&gt;Afwijzen&lt;/div&gt;&lt;/div&gt;&lt;/div&gt;&lt;/div&gt;&lt;div id="layout" class="page-1" data-container="1180"&gt;
	&lt;header class="header-wrapper"&gt;&lt;div class="header"&gt;&lt;div class="container fullwidthcontainer overflow-visble"&gt;&lt;div class="row"&gt;&lt;div class="row-inner p-0"&gt;&lt;h1 class="logo"&gt;&lt;a href="/?PHPSESSID=889d3fec88fc90822f18024f632e9c10" title="logo"&gt;&lt;/a&gt;&lt;/h1&gt;&lt;div class="mobile-icon"&gt;&lt;span&gt;&lt;/span&gt;&lt;/div&gt;&lt;nav class="nav col-12"&gt;&lt;ul class="main-menu"&gt;&lt;li class=" current-page"&gt;&lt;a href="https://jdriven.com/home/" title="Home"&gt;Home&lt;/a&gt;&lt;/li&gt;&lt;li class=" has-submenu"&gt;&lt;a href="https://jdriven.com/organisatie/" title="Organisatie"&gt;Organisatie&lt;/a&gt;&lt;ul class="sub third-width"&gt;&lt;li&gt;&lt;a href="https://jdriven.com/organisatie/over-jdriven/" title="Over JDriven"&gt;Over JDriven&lt;/a&gt;&lt;/li&gt;&lt;li&gt;&lt;a href="https://jdriven.com/organisatie/expertises/" title="Onze expertises"&gt;Onze expertises&lt;/a&gt;&lt;/li&gt;&lt;li&gt;&lt;a href="https://jdriven.com/organisatie/technologieen/" title="Technologieën"&gt;Technologieën&lt;/a&gt;&lt;/li&gt;&lt;/ul&gt;&lt;/li&gt;&lt;li class=" has-submenu"&gt;&lt;a href="https://jdriven.com/mensen/" title="Mensen"&gt;Mensen&lt;/a&gt;&lt;ul class="sub half-width"&gt;&lt;li&gt;&lt;a href="https://jdriven.com/mensen/ons-team/" title="Ons team"&gt;Ons team&lt;/a&gt;&lt;/li&gt;&lt;li&gt;&lt;a href="https://jdriven.com/mensen/vacatures/" title="Vacatures"&gt;Vacatures&lt;/a&gt;&lt;/li&gt;&lt;/ul&gt;&lt;/li&gt;&lt;li class=""&gt;&lt;a href="https://jdriven.com/events/" title="Events"&gt;Events&lt;/a&gt;&lt;/li&gt;&lt;li class=""&gt;&lt;a href="https://jdriven.com/cases/" title="Cases"&gt;Cases&lt;/a&gt;&lt;/li&gt;&lt;li class=""&gt;&lt;a href="https://jdriven.com/blog/" title="Blog" target="_blank"&gt;Blog&lt;/a&gt;&lt;/li&gt;&lt;li class=" has-submenu"&gt;&lt;a href="https://jdriven.com/trainingen/" title="Trainingen"&gt;Trainingen&lt;/a&gt;&lt;ul class="sub half-width"&gt;&lt;li&gt;&lt;a href="https://jdriven.com/trainingen/jdriven-trainingen/" title="JDriven trainingen"&gt;JDriven trainingen&lt;/a&gt;&lt;/li&gt;&lt;li&gt;&lt;a href="https://jdriven.com/trainingen/29-juni-2022-workshop-simon-brown-software-architecture-for-developers/" title="29/6/22 - Workshop Simon Brown"&gt;29/6/22 - Workshop Simon Brown&lt;/a&gt;&lt;/li&gt;&lt;/ul&gt;&lt;/li&gt;&lt;li class=""&gt;&lt;a href="https://jdriven.com/contact/" title="Contact"&gt;Contact&lt;/a&gt;&lt;/li&gt;&lt;/ul&gt;&lt;/nav&gt;&lt;/div&gt;&lt;/div&gt;&lt;/div&gt;&lt;/div&gt;&lt;/header&gt;&lt;main class="content"&gt;&lt;div id="stroke-6" class="stroke col-1-1  nospaceoncontainer nopadding nomargin noelementspace"&gt;&lt;div class="container fullwidthcontainer"  data-abovebreadcr="false"&gt;&lt;div class="row"&gt;&lt;div class="row-inner"&gt;&lt;div id="element-14" class="col-12"&gt;&lt;div class="element noelementpadding element-type-dynamicwidget" data-type="dynamicwidget"&gt;&lt;input type="hidden" class="stroke_d_id" value="14" /&gt;&lt;input type="hidden" value="dynamicwidget" class="temp_el_type" /&gt;&lt;div class="dynamic-items-wrapper coll-rr" data-maxnum="20" data-read-length="22"&gt;&lt;section class="dynamic-item-wrap col-xl-3 col-3 col-t-4 col-p-6 col-m-12" data-pagecount="3"&gt;&lt;div class="dynamic-item-box"&gt;&lt;div class="dynamic-item-inner multiple-dynamic-items"&gt;&lt;div class="dynamic-item-inner-wrap style-streamer style-white" title="Een gedeelde passie" data-count="1" data-buttontext="Maak kennis"&gt;&lt;div class="content"&gt;&lt;div class="content-inner"&gt;&lt;h2 class="title has-link"&gt;&lt;span&gt;Java en open-source software architectuur, ontwikkeling, consulting en training.
&lt;/span&gt;&lt;/h2&gt;&lt;div class="align-bottom"&gt;&lt;a href="/mensen?PHPSESSID=889d3fec88fc90822f18024f632e9c10" title="Java en open-source software architectuur, ontwikkeling, consulting en training.
" class="btn-default"&gt;Maak kennis&lt;/a&gt;&lt;/div&gt;&lt;/div&gt;&lt;/div&gt;&lt;/div&gt;&lt;div class="dynamic-item-inner-wrap style-streamer style-white hidden" title="Show don't tell" data-count="2" data-buttontext="Bekijk onze cases"&gt;&lt;div class="content"&gt;&lt;div class... (set the log level to DEBUG or TRACE to see the full content) 
 </msg>
<msg timestamp="20220518 01:53:41.856" level="INFO">/usr/local/lib/python3.10/site-packages/urllib3/connectionpool.py:1043: InsecureRequestWarning: Unverified HTTPS request is being made to host 'www.jdriven.com'. Adding certificate verification is strongly advised. See: https://urllib3.readthedocs.io/en/1.26.x/advanced-usage.html#ssl-warnings
  warnings.warn(
/usr/local/lib/python3.10/site-packages/urllib3/connectionpool.py:1043: InsecureRequestWarning: Unverified HTTPS request is being made to host 'jdriven.com'. Adding certificate verification is strongly advised. See: https://urllib3.readthedocs.io/en/1.26.x/advanced-usage.html#ssl-warnings
  warnings.warn(</msg>
<msg timestamp="20220518 01:53:41.858" level="INFO">${resp} = &lt;Response [200]&gt;</msg>
<status status="PASS" starttime="20220518 01:53:37.449" endtime="20220518 01:53:41.858"/>
</kw>
<kw name="Should Be Equal As Strings" library="BuiltIn">
<arg>${resp.status_code}</arg>
<arg>200</arg>
<doc>Fails if objects are unequal after converting them to strings.</doc>
<msg timestamp="20220518 01:53:41.866" level="INFO">Argument types are:
&lt;class 'int'&gt;
&lt;class 'str'&gt;</msg>
<status status="PASS" starttime="20220518 01:53:41.859" endtime="20220518 01:53:41.867"/>
</kw>
<status status="PASS" starttime="20220518 01:53:37.444" endtime="20220518 01:53:41.868"/>
</test>
<kw name="Delete All Sessions" library="RequestsLibrary" type="TEARDOWN">
<doc>Removes all the session objects</doc>
<msg timestamp="20220518 01:53:41.874" level="INFO">Deleting All Sessions</msg>
<status status="PASS" starttime="20220518 01:53:41.873" endtime="20220518 01:53:41.874"/>
</kw>
<status status="PASS" starttime="20220518 01:53:37.125" endtime="20220518 01:53:41.874"/>
</suite>
<status status="PASS" starttime="20220518 01:53:37.117" endtime="20220518 01:53:41.883"/>
</suite>
<status status="PASS" starttime="20220518 01:53:37.107" endtime="20220518 01:53:41.889"/>
</suite>
<status status="PASS" starttime="20220518 01:53:37.100" endtime="20220518 01:53:41.896"/>
</suite>
<status status="PASS" starttime="20220518 01:53:37.094" endtime="20220518 01:53:41.901"/>
</suite>
<suite id="s1-s2" name="uiPackage" source="/opt/robotframework/tests/uiPackage">
<suite id="s1-s2-s1" name="testSuites" source="/opt/robotframework/tests/uiPackage/testSuites">
<suite id="s1-s2-s1-s1" name="Tests" source="/opt/robotframework/tests/uiPackage/testSuites/tests">
<suite id="s1-s2-s1-s1-s1" name="loginTest" source="/opt/robotframework/tests/uiPackage/testSuites/tests/loginTest.robot">
<test id="s1-s2-s1-s1-s1-t1" name="Healthcheck for Orangehrm" line="13">
<kw name="Given User logs into Orangehrm" library="bddKeywords">
<kw name="Log Into Orangehrm" library="appObjects">
<arg>${URL}</arg>
<arg>${username}</arg>
<arg>${password}</arg>
<kw name="Evaluate" library="BuiltIn">
<var>${chrome options}</var>
<arg>sys.modules['selenium.webdriver'].ChromeOptions()</arg>
<arg>sys, selenium.webdriver</arg>
<doc>Evaluates the given expression in Python and returns the result.</doc>
<msg timestamp="20220518 01:53:42.492" level="INFO">${chrome options} = &lt;selenium.webdriver.chrome.options.Options object at 0x40039dac80&gt;</msg>
<status status="PASS" starttime="20220518 01:53:42.491" endtime="20220518 01:53:42.492"/>
</kw>
<kw name="Call Method" library="BuiltIn">
<arg>${chrome options}</arg>
<arg>add_argument</arg>
<arg>headless</arg>
<doc>Calls the named method of the given object with the provided arguments.</doc>
<status status="PASS" starttime="20220518 01:53:42.493" endtime="20220518 01:53:42.494"/>
</kw>
<kw name="Call Method" library="BuiltIn">
<arg>${chrome options}</arg>
<arg>add_argument</arg>
<arg>disable-gpu</arg>
<doc>Calls the named method of the given object with the provided arguments.</doc>
<status status="PASS" starttime="20220518 01:53:42.494" endtime="20220518 01:53:42.495"/>
</kw>
<kw name="Call Method" library="BuiltIn">
<arg>${chrome options}</arg>
<arg>add_argument</arg>
<arg>disable-dev-shm-usage</arg>
<doc>Calls the named method of the given object with the provided arguments.</doc>
<status status="PASS" starttime="20220518 01:53:42.495" endtime="20220518 01:53:42.496"/>
</kw>
<kw name="Call Method" library="BuiltIn">
<arg>${chrome options}</arg>
<arg>add_argument</arg>
<arg>no-sandbox</arg>
<doc>Calls the named method of the given object with the provided arguments.</doc>
<status status="PASS" starttime="20220518 01:53:42.497" endtime="20220518 01:53:42.498"/>
</kw>
<kw name="Create Webdriver" library="SeleniumLibrary">
<arg>Chrome</arg>
<arg>chrome_options=${chrome options}</arg>
<doc>Creates an instance of Selenium WebDriver.</doc>
<msg timestamp="20220518 01:53:42.500" level="INFO">Creating an instance of the Chrome WebDriver.</msg>
<msg timestamp="20220518 01:53:45.096" level="INFO">Cannot capture screenshot because no browser is open.</msg>
<msg timestamp="20220518 01:53:45.100" level="FAIL">WebDriverException: Message: unknown error: Chrome failed to start: crashed.
  (chrome not reachable)
  (The process started from chrome location /usr/lib64/chromium-browser/chromium-browser is no longer running, so ChromeDriver is assuming that Chrome has crashed.)
Stacktrace:
#0 0x004000591120 &lt;unknown&gt;
#1 0x004000590a86 &lt;unknown&gt;
#2 0x00400010c7ee &lt;unknown&gt;
#3 0x00400013af7e &lt;unknown&gt;
#4 0x00400013b703 &lt;unknown&gt;
#5 0x0040001773a3 &lt;unknown&gt;
#6 0x004000178921 &lt;unknown&gt;
#7 0x00400015b4c6 &lt;unknown&gt;
#8 0x00400013de02 &lt;unknown&gt;
#9 0x00400013bb33 &lt;unknown&gt;
#10 0x0040005b758a &lt;unknown&gt;
#11 0x0040005c92d5 &lt;unknown&gt;
#12 0x0040005c99ff &lt;unknown&gt;
#13 0x00400061ddd1 &lt;unknown&gt;
#14 0x0040005c8575 &lt;unknown&gt;
#15 0x0040005ae83c &lt;unknown&gt;
#16 0x0040005d3a38 &lt;unknown&gt;
#17 0x0040005eb642 &lt;unknown&gt;
#18 0x0040032fccc7 &lt;unknown&gt;
</msg>
<status status="FAIL" starttime="20220518 01:53:42.498" endtime="20220518 01:53:45.108"/>
</kw>
<kw name="Go To" library="SeleniumLibrary">
<arg>${URL}</arg>
<doc>Navigates the current browser window to the provided ``url``.</doc>
<status status="NOT RUN" starttime="20220518 01:53:45.110" endtime="20220518 01:53:45.110"/>
</kw>
<kw name="Set Browser Implicit Wait" library="SeleniumLibrary">
<arg>5</arg>
<doc>Sets the implicit wait value used by Selenium.</doc>
<status status="NOT RUN" starttime="20220518 01:53:45.111" endtime="20220518 01:53:45.111"/>
</kw>
<kw name="Input Text" library="SeleniumLibrary">
<arg>${txt_UserName}</arg>
<arg>${username}</arg>
<doc>Types the given ``text`` into the text field identified by ``locator``.</doc>
<status status="NOT RUN" starttime="20220518 01:53:45.112" endtime="20220518 01:53:45.112"/>
</kw>
<kw name="Input Password" library="SeleniumLibrary">
<arg>${txt_Password}</arg>
<arg>${password}</arg>
<doc>Types the given password into the text field identified by ``locator``.</doc>
<status status="NOT RUN" starttime="20220518 01:53:45.112" endtime="20220518 01:53:45.112"/>
</kw>
<kw name="Click Button" library="SeleniumLibrary">
<arg>${btn_Login}</arg>
<doc>Clicks the button identified by ``locator``.</doc>
<status status="NOT RUN" starttime="20220518 01:53:45.113" endtime="20220518 01:53:45.113"/>
</kw>
<status status="FAIL" starttime="20220518 01:53:42.488" endtime="20220518 01:53:45.116"/>
</kw>
<status status="FAIL" starttime="20220518 01:53:42.487" endtime="20220518 01:53:45.119"/>
</kw>
<kw name="And Verify if home page loads for Orangehrm" library="bddKeywords">
<status status="NOT RUN" starttime="20220518 01:53:45.120" endtime="20220518 01:53:45.120"/>
</kw>
<kw name="And User logs out of Orangehrm" library="bddKeywords">
<status status="NOT RUN" starttime="20220518 01:53:45.121" endtime="20220518 01:53:45.121"/>
</kw>
<doc>Verify Login and Home Page for Orangehrm</doc>
<status status="FAIL" starttime="20220518 01:53:42.483" endtime="20220518 01:53:45.123">WebDriverException: Message: unknown error: Chrome failed to start: crashed.
  (chrome not reachable)
  (The process started from chrome location /usr/lib64/chromium-browser/chromium-browser is no longer running, so ChromeDriver is assuming that Chrome has crashed.)
Stacktrace:
#0 0x004000591120 &lt;unknown&gt;
#1 0x004000590a86 &lt;unknown&gt;
#2 0x00400010c7ee &lt;unknown&gt;
#3 0x00400013af7e &lt;unknown&gt;
#4 0x00400013b703 &lt;unknown&gt;
#5 0x0040001773a3 &lt;unknown&gt;
#6 0x004000178921 &lt;unknown&gt;
#7 0x00400015b4c6 &lt;unknown&gt;
#8 0x00400013de02 &lt;unknown&gt;
#9 0x00400013bb33 &lt;unknown&gt;
#10 0x0040005b758a &lt;unknown&gt;
#11 0x0040005c92d5 &lt;unknown&gt;
#12 0x0040005c99ff &lt;unknown&gt;
#13 0x00400061ddd1 &lt;unknown&gt;
#14 0x0040005c8575 &lt;unknown&gt;
#15 0x0040005ae83c &lt;unknown&gt;
#16 0x0040005d3a38 &lt;unknown&gt;
#17 0x0040005eb642 &lt;unknown&gt;
#18 0x0040032fccc7 &lt;unknown&gt;
</status>
</test>
<status status="FAIL" starttime="20220518 01:53:41.927" endtime="20220518 01:53:45.128"/>
</suite>
<suite id="s1-s2-s1-s1-s2" name="printTest" source="/opt/robotframework/tests/uiPackage/testSuites/tests/printTest.robot">
<test id="s1-s2-s1-s1-s2-t1" name="Printtext" line="4">
<kw name="Log" library="BuiltIn">
<arg>The scenario is complete!</arg>
<doc>Logs the given message with the given level.</doc>
<msg timestamp="20220518 01:53:45.145" level="INFO">The scenario is complete!</msg>
<status status="PASS" starttime="20220518 01:53:45.144" endtime="20220518 01:53:45.145"/>
</kw>
<doc>This is just a connecting test</doc>
<status status="PASS" starttime="20220518 01:53:45.142" endtime="20220518 01:53:45.146"/>
</test>
<status status="PASS" starttime="20220518 01:53:45.134" endtime="20220518 01:53:45.147"/>
</suite>
<status status="FAIL" starttime="20220518 01:53:41.921" endtime="20220518 01:53:45.154"/>
</suite>
<status status="FAIL" starttime="20220518 01:53:41.912" endtime="20220518 01:53:45.159"/>
</suite>
<status status="FAIL" starttime="20220518 01:53:41.905" endtime="20220518 01:53:45.164"/>
</suite>
<status status="FAIL" starttime="20220518 01:53:37.004" endtime="20220518 01:53:45.171"/>
</suite>
<statistics>
<total>
<stat pass="2" fail="1" skip="0">All Tests</stat>
</total>
<tag>
</tag>
<suite>
<stat pass="2" fail="1" skip="0" id="s1" name="Tests">Tests</stat>
<stat pass="1" fail="0" skip="0" id="s1-s1" name="apiPackage">Tests.apiPackage</stat>
<stat pass="1" fail="0" skip="0" id="s1-s1-s1" name="apiTests">Tests.apiPackage.apiTests</stat>
<stat pass="1" fail="0" skip="0" id="s1-s1-s1-s1" name="testSuites">Tests.apiPackage.apiTests.testSuites</stat>
<stat pass="1" fail="0" skip="0" id="s1-s1-s1-s1-s1" name="Tests">Tests.apiPackage.apiTests.testSuites.Tests</stat>
<stat pass="1" fail="0" skip="0" id="s1-s1-s1-s1-s1-s1" name="getRequest">Tests.apiPackage.apiTests.testSuites.Tests.getRequest</stat>
<stat pass="1" fail="1" skip="0" id="s1-s2" name="uiPackage">Tests.uiPackage</stat>
<stat pass="1" fail="1" skip="0" id="s1-s2-s1" name="testSuites">Tests.uiPackage.testSuites</stat>
<stat pass="1" fail="1" skip="0" id="s1-s2-s1-s1" name="Tests">Tests.uiPackage.testSuites.Tests</stat>
<stat pass="0" fail="1" skip="0" id="s1-s2-s1-s1-s1" name="loginTest">Tests.uiPackage.testSuites.Tests.loginTest</stat>
<stat pass="1" fail="0" skip="0" id="s1-s2-s1-s1-s2" name="printTest">Tests.uiPackage.testSuites.Tests.printTest</stat>
</suite>
</statistics>
<errors>
</errors>
</robot>
